2023-09-04 06:27:30,780 [INFO] [app:144] - File uploaded: factbook.csv
2023-09-04 06:27:30,785 [INFO] [app:154] - Dropped columns: []
2023-09-04 06:27:30,854 [INFO] [app:175] - Threshold value: 7.0
2023-09-04 06:27:30,888 [INFO] [app:194] - Result ID generated: result_1
2023-09-04 06:38:34,851 [INFO] [app:63] - File uploaded: factbook.csv
2023-09-04 06:38:34,856 [INFO] [app:73] - Dropped columns: []
2023-09-04 06:38:34,933 [INFO] [app:94] - Threshold value: 7.0
2023-09-04 06:38:35,020 [INFO] [app:119] - Result ID generated: result_1
2023-09-04 06:39:05,928 [INFO] [app:63] - File uploaded: houses_to_rent.csv
2023-09-04 06:39:05,945 [INFO] [app:73] - Dropped columns: ['Unnamed: 0', 'city', 'area', 'rooms', 'bathroom', 'parking spaces', 'floor', 'animal', 'furniture', 'hoa', 'rent amount', 'property tax', 'fire insurance']
2023-09-04 06:39:08,877 [INFO] [app:94] - Threshold value: 7.0
2023-09-04 06:39:11,487 [INFO] [app:119] - Result ID generated: result_2
2023-09-04 06:39:51,143 [INFO] [app:144] - File uploaded: houses_to_rent.csv
2023-09-04 06:39:51,165 [INFO] [app:154] - Dropped columns: ['Unnamed: 0', 'city', 'area', 'rooms', 'bathroom', 'parking spaces', 'floor', 'animal', 'furniture', 'hoa', 'rent amount', 'property tax', 'fire insurance']
2023-09-04 06:39:54,106 [INFO] [app:175] - Threshold value: 7.0
2023-09-04 06:39:56,433 [INFO] [app:195] - Result ID generated: result_1
2023-09-04 06:47:33,362 [INFO] [app:144] - File uploaded: houses_to_rent.csv
2023-09-04 06:47:33,382 [INFO] [app:154] - Dropped columns: ['Unnamed: 0', 'city', 'area', 'rooms', 'bathroom', 'parking spaces', 'floor', 'animal', 'furniture', 'hoa', 'rent amount', 'property tax', 'fire insurance']
2023-09-04 06:47:36,332 [INFO] [app:175] - Threshold value: 7.0
2023-09-04 06:47:38,729 [INFO] [app:195] - Result ID generated: result_1
2023-09-04 06:55:31,150 [INFO] [app:144] - File uploaded: houses_to_rent.csv
2023-09-04 06:55:31,170 [INFO] [app:154] - Dropped columns: ['Unnamed: 0', 'city', 'area', 'rooms', 'bathroom', 'parking spaces', 'floor', 'animal', 'furniture', 'hoa', 'rent amount', 'property tax', 'fire insurance']
2023-09-04 06:55:34,077 [INFO] [app:175] - Threshold value: 7.0
2023-09-04 06:55:36,436 [INFO] [app:195] - Result ID generated: result_1
2023-09-04 07:02:13,934 [INFO] [app:144] - File uploaded: houses_to_rent.csv
2023-09-04 07:02:13,953 [INFO] [app:154] - Dropped columns: ['Unnamed: 0', 'city', 'area', 'rooms', 'bathroom', 'parking spaces', 'floor', 'animal', 'furniture', 'hoa', 'rent amount', 'property tax', 'fire insurance']
2023-09-04 07:02:16,808 [INFO] [app:175] - Threshold value: 7.0
2023-09-04 07:03:44,136 [INFO] [app:144] - File uploaded: houses_to_rent.csv
2023-09-04 07:03:44,157 [INFO] [app:154] - Dropped columns: ['Unnamed: 0', 'city', 'area', 'rooms', 'bathroom', 'parking spaces', 'floor', 'animal', 'furniture', 'hoa', 'rent amount', 'property tax', 'fire insurance']
2023-09-04 07:03:47,049 [INFO] [app:175] - Threshold value: 7.0
2023-09-04 07:03:49,512 [INFO] [app:195] - Result ID generated: result_1
2023-09-04 07:04:34,289 [INFO] [app:144] - File uploaded: houses_to_rent.csv
2023-09-04 07:04:34,308 [INFO] [app:154] - Dropped columns: ['Unnamed: 0', 'city', 'area', 'rooms', 'bathroom', 'parking spaces', 'floor', 'animal', 'furniture', 'hoa', 'rent amount', 'property tax', 'fire insurance']
2023-09-04 07:04:37,004 [INFO] [app:175] - Threshold value: 7.0
2023-09-04 07:04:39,362 [INFO] [app:195] - Result ID generated: result_1
2023-09-04 07:09:56,922 [INFO] [app:144] - File uploaded: factbook.csv
2023-09-04 07:09:56,927 [INFO] [app:154] - Dropped columns: []
2023-09-04 07:09:56,996 [INFO] [app:175] - Threshold value: -30.0
2023-09-04 07:09:57,029 [INFO] [app:195] - Result ID generated: result_1
2023-09-04 07:10:56,239 [INFO] [app:144] - File uploaded: factbook.csv
2023-09-04 07:10:56,243 [INFO] [app:154] - Dropped columns: []
2023-09-04 07:10:56,315 [INFO] [app:175] - Threshold value: 1.0
2023-09-04 07:10:56,341 [INFO] [app:195] - Result ID generated: result_2
2023-09-04 07:12:25,395 [INFO] [app:144] - File uploaded: factbook.csv
2023-09-04 07:12:25,400 [INFO] [app:154] - Dropped columns: []
2023-09-04 07:12:25,482 [INFO] [app:175] - Threshold value: 1.0
2023-09-04 07:12:25,505 [INFO] [app:195] - Result ID generated: result_3
2023-09-04 07:15:12,772 [INFO] [app:144] - File uploaded: factbook.csv
2023-09-04 07:15:12,778 [INFO] [app:154] - Dropped columns: []
2023-09-04 07:15:12,852 [INFO] [app:175] - Threshold value: 1.0
2023-09-04 07:15:12,876 [INFO] [app:195] - Result ID generated: result_4
2023-09-04 07:15:52,714 [INFO] [app:144] - File uploaded: factbook.csv
2023-09-04 07:15:52,718 [INFO] [app:154] - Dropped columns: []
2023-09-04 07:15:52,796 [INFO] [app:175] - Threshold value: 1.0
2023-09-04 07:15:52,820 [INFO] [app:195] - Result ID generated: result_5
2023-09-04 07:18:17,212 [INFO] [app:144] - File uploaded: factbook.csv
2023-09-04 07:18:17,219 [INFO] [app:154] - Dropped columns: []
2023-09-04 07:18:17,295 [INFO] [app:175] - Threshold value: 1.0
2023-09-04 07:18:17,321 [INFO] [app:195] - Result ID generated: result_6
2023-09-04 07:19:07,792 [INFO] [app:144] - File uploaded: factbook.csv
2023-09-04 07:19:07,797 [INFO] [app:154] - Dropped columns: []
2023-09-04 07:19:07,902 [INFO] [app:175] - Threshold value: 1.0
2023-09-04 07:19:07,942 [INFO] [app:195] - Result ID generated: result_7
2023-09-04 07:20:09,283 [INFO] [app:144] - File uploaded: factbook.csv
2023-09-04 07:20:09,289 [INFO] [app:154] - Dropped columns: []
2023-09-04 07:20:09,366 [INFO] [app:175] - Threshold value: 1.0
2023-09-04 07:20:09,392 [INFO] [app:195] - Result ID generated: result_8
2023-09-04 07:24:41,331 [INFO] [app:135] - User is not logged in. Redirecting to login page.
2023-09-04 07:25:01,409 [INFO] [app:144] - File uploaded: factbook.csv
2023-09-04 07:25:01,414 [INFO] [app:154] - Dropped columns: []
2023-09-04 07:25:01,482 [INFO] [app:175] - Threshold value: 1.0
2023-09-04 07:25:01,518 [INFO] [app:195] - Result ID generated: result_1
2023-09-04 07:25:48,418 [INFO] [app:144] - File uploaded: factbook.csv
2023-09-04 07:25:48,423 [INFO] [app:154] - Dropped columns: []
2023-09-04 07:25:48,499 [INFO] [app:175] - Threshold value: 1.0
2023-09-04 07:25:48,525 [INFO] [app:195] - Result ID generated: result_2
2023-09-04 07:26:23,349 [INFO] [app:144] - File uploaded: factbook.csv
2023-09-04 07:26:23,354 [INFO] [app:154] - Dropped columns: []
2023-09-04 07:26:23,434 [INFO] [app:175] - Threshold value: 1.0
2023-09-04 07:26:23,457 [INFO] [app:195] - Result ID generated: result_3
2023-09-04 07:26:31,935 [INFO] [app:144] - File uploaded: factbook.csv
2023-09-04 07:26:31,938 [INFO] [app:154] - Dropped columns: []
2023-09-04 07:26:32,019 [INFO] [app:175] - Threshold value: 1.0
2023-09-04 07:26:32,043 [INFO] [app:195] - Result ID generated: result_4
2023-09-04 07:28:21,616 [INFO] [app:144] - File uploaded: factbook.csv
2023-09-04 07:28:21,620 [INFO] [app:154] - Dropped columns: []
2023-09-04 07:28:21,699 [INFO] [app:175] - Threshold value: 1.0
2023-09-04 07:28:21,727 [INFO] [app:195] - Result ID generated: result_5
2023-09-04 07:28:29,684 [INFO] [app:144] - File uploaded: factbook.csv
2023-09-04 07:28:29,689 [INFO] [app:154] - Dropped columns: []
2023-09-04 07:28:29,769 [INFO] [app:175] - Threshold value: 1.0
2023-09-04 07:28:29,793 [INFO] [app:195] - Result ID generated: result_6
2023-09-04 07:30:03,913 [INFO] [app:144] - File uploaded: factbook.csv
2023-09-04 07:30:03,917 [INFO] [app:154] - Dropped columns: []
2023-09-04 07:30:03,994 [INFO] [app:175] - Threshold value: 1.0
2023-09-04 07:30:04,019 [INFO] [app:195] - Result ID generated: result_7
2023-09-04 07:31:22,548 [INFO] [app:144] - File uploaded: factbook.csv
2023-09-04 07:31:22,555 [INFO] [app:154] - Dropped columns: []
2023-09-04 07:31:22,632 [INFO] [app:175] - Threshold value: 1.0
2023-09-04 07:31:22,658 [INFO] [app:195] - Result ID generated: result_8
2023-09-04 07:31:58,625 [INFO] [app:144] - File uploaded: factbook.csv
2023-09-04 07:31:58,628 [INFO] [app:154] - Dropped columns: []
2023-09-04 07:31:58,694 [INFO] [app:175] - Threshold value: 1.0
2023-09-04 07:31:58,716 [INFO] [app:195] - Result ID generated: result_9
2023-09-04 07:32:18,638 [INFO] [app:144] - File uploaded: factbook.csv
2023-09-04 07:32:18,641 [INFO] [app:154] - Dropped columns: []
2023-09-04 07:32:18,706 [INFO] [app:175] - Threshold value: 1.0
2023-09-04 07:32:18,728 [INFO] [app:195] - Result ID generated: result_10
2023-09-04 07:32:39,538 [INFO] [app:144] - File uploaded: factbook.csv
2023-09-04 07:32:39,544 [INFO] [app:154] - Dropped columns: []
2023-09-04 07:32:39,612 [INFO] [app:175] - Threshold value: 1.0
2023-09-04 07:32:39,634 [INFO] [app:195] - Result ID generated: result_11
2023-09-04 07:32:51,037 [INFO] [app:144] - File uploaded: factbook.csv
2023-09-04 07:32:51,041 [INFO] [app:154] - Dropped columns: []
2023-09-04 07:32:51,105 [INFO] [app:175] - Threshold value: 1.0
2023-09-04 07:32:51,128 [INFO] [app:195] - Result ID generated: result_12
2023-09-04 07:57:38,287 [INFO] [app:144] - File uploaded: factbook.csv
2023-09-04 07:57:38,298 [INFO] [app:154] - Dropped columns: []
2023-09-04 07:57:38,541 [INFO] [app:175] - Threshold value: -13.0
2023-09-04 07:57:38,608 [INFO] [app:195] - Result ID generated: result_13
2023-09-04 13:10:04,543 [INFO] [app:135] - User is not logged in. Redirecting to login page.
2023-09-04 13:54:17,451 [INFO] [app:135] - User is not logged in. Redirecting to login page.
2023-09-04 13:54:17,459 [INFO] [app:135] - User is not logged in. Redirecting to login page.
2023-09-04 13:54:54,077 [INFO] [app:144] - File uploaded: houses_to_rent.csv
2023-09-04 13:54:54,133 [INFO] [app:154] - Dropped columns: ['Unnamed: 0', 'city', 'area', 'rooms', 'bathroom', 'parking spaces', 'floor', 'animal', 'furniture', 'hoa', 'rent amount', 'property tax', 'fire insurance']
2023-09-04 13:55:01,039 [INFO] [app:175] - Threshold value: 2.0
2023-09-04 13:55:08,977 [INFO] [app:195] - Result ID generated: result_1
2023-09-05 10:44:29,758 [INFO] [app:135] - User is not logged in. Redirecting to login page.
2023-09-05 10:45:01,725 [INFO] [app:144] - File uploaded: houses_to_rent.csv
2023-09-05 10:45:01,748 [INFO] [app:154] - Dropped columns: ['Unnamed: 0', 'city', 'area', 'rooms', 'bathroom', 'parking spaces', 'floor', 'animal', 'furniture', 'hoa', 'rent amount', 'property tax', 'fire insurance']
2023-09-05 10:45:04,798 [INFO] [app:175] - Threshold value: -11.0
2023-09-05 10:45:07,295 [INFO] [app:195] - Result ID generated: result_1
